<?xml version="1.0" encoding="UTF-8"?>
<testsuite name="tm.khang.kauthenticator.feature.settings.AppThemePersistenceTest" tests="1" skipped="0" failures="0" errors="0" timestamp="2026-09-11T08:36:13" hostname="QGM0180-Khang.local" time="0.002">
  <properties/>
  <testcase name="persistenceValues_areStableAndBackwardCompatible" classname="tm.khang.kauthenticator.feature.settings.AppThemePersistenceTest" time="0.002"/>
  <system-out><![CDATA[]]></system-out>
  <system-err><![CDATA[]]></system-err>
</testsuite>
