<?xml version="1.0" encoding="UTF-8"?>
<testsuite name="tm.khang.kauthenticator.feature.accounts.CountdownTest" tests="2" skipped="0" failures="0" errors="0" timestamp="2026-09-11T08:36:20" hostname="QGM0180-Khang.local" time="0.0">
  <properties/>
  <testcase name="countdown is derived from timestamp around period boundary" classname="tm.khang.kauthenticator.feature.accounts.CountdownTest" time="0.0"/>
  <testcase name="invalid period is rejected" classname="tm.khang.kauthenticator.feature.accounts.CountdownTest" time="0.0"/>
  <system-out><![CDATA[]]></system-out>
  <system-err><![CDATA[]]></system-err>
</testsuite>
