<?xml version="1.0" encoding="UTF-8"?>
<testsuite name="tm.khang.kauthenticator.core.otp.OtpAuthUriParserTest" tests="5" skipped="0" failures="0" errors="0" timestamp="2026-09-11T04:07:08" hostname="QGM0180-Khang.local" time="0.006">
  <properties/>
  <testcase name="rejects unsupported type missing secret and issuer mismatch" classname="tm.khang.kauthenticator.core.otp.OtpAuthUriParserTest" time="0.003"/>
  <testcase name="parses supported algorithms digits and custom period" classname="tm.khang.kauthenticator.core.otp.OtpAuthUriParserTest" time="0.001"/>
  <testcase name="rejects unsupported algorithm digits and invalid period" classname="tm.khang.kauthenticator.core.otp.OtpAuthUriParserTest" time="0.002"/>
  <testcase name="parses percent encoded TOTP URI and normalizes defaults" classname="tm.khang.kauthenticator.core.otp.OtpAuthUriParserTest" time="0.0"/>
  <testcase name="does not silently accept whitespace in secret" classname="tm.khang.kauthenticator.core.otp.OtpAuthUriParserTest" time="0.0"/>
  <system-out><![CDATA[]]></system-out>
  <system-err><![CDATA[]]></system-err>
</testsuite>
