<?xml version="1.0" encoding="UTF-8"?>
<testsuite name="tm.khang.kauthenticator.core.security.AppLockCoordinatorTest" tests="2" skipped="0" failures="0" errors="0" timestamp="2026-09-11T06:31:19" hostname="QGM0180-Khang.local" time="0.002">
  <properties/>
  <testcase name="cannot enable lock when device has no secure credential" classname="tm.khang.kauthenticator.core.security.AppLockCoordinatorTest" time="0.002"/>
  <testcase name="enabled secure device locks until authentication succeeds" classname="tm.khang.kauthenticator.core.security.AppLockCoordinatorTest" time="0.0"/>
  <system-out><![CDATA[]]></system-out>
  <system-err><![CDATA[]]></system-err>
</testsuite>
