<?xml version="1.0" encoding="UTF-8"?>
<testsuite name="tm.khang.kauthenticator.feature.addaccount.AddAccountUseCaseTest" tests="5" skipped="0" failures="0" errors="0" timestamp="2026-09-11T08:36:20" hostname="QGM0180-Khang.local" time="0.021">
  <properties/>
  <testcase name="invalid QR never writes storage" classname="tm.khang.kauthenticator.feature.addaccount.AddAccountUseCaseTest" time="0.004"/>
  <testcase name="valid QR supports SHA1 SHA256 and SHA512" classname="tm.khang.kauthenticator.feature.addaccount.AddAccountUseCaseTest" time="0.013"/>
  <testcase name="duplicate can keep both with new id" classname="tm.khang.kauthenticator.feature.addaccount.AddAccountUseCaseTest" time="0.001"/>
  <testcase name="duplicate can replace existing account" classname="tm.khang.kauthenticator.feature.addaccount.AddAccountUseCaseTest" time="0.0"/>
  <testcase name="manual validation reports errors per field" classname="tm.khang.kauthenticator.feature.addaccount.AddAccountUseCaseTest" time="0.001"/>
  <system-out><![CDATA[]]></system-out>
  <system-err><![CDATA[]]></system-err>
</testsuite>
